2014-09-25 18:59:25.924 TMD[5426:42145] DiskCookieStorage changing policy from 2 to 0, cookie file: file:///Users/francoagustinrabaglia/Library/Developer/CoreSimulator/Devices/7C8910A2-F95A-4DF4-B471-C5AADC46295E/data/Containers/Data/Application/30881C1A-FD7A-409B-AD44-C15A1C93CEDA/Library/Cookies/Cookies.binarycookies
2014-09-25 18:59:26.001 TMD[5426:42145] Multi-tasking -> Device: YES, App: YES
2014-09-25 18:59:26.009 TMD[5426:42145] Unlimited access to network resources
2014-09-25 18:59:26.012 TMD[5426:42145] 

Started backup to iCloud! Please be careful.
Your application might rejected by Apple if you store too much data.
For more information please read "iOS Data Storage Guidelines"
You could find it at the following address https://developer.apple.com/icloud/documentation/data-storage/ .

2014-09-25 18:59:26.599 TMD[5426:42145] Resetting plugins due to page load.
2014-09-25 18:59:26.653 TMD[5426:42145] Finished load of: file:///Users/francoagustinrabaglia/Library/Developer/CoreSimulator/Devices/7C8910A2-F95A-4DF4-B471-C5AADC46295E/data/Containers/Bundle/Application/3B9D0C26-0FE3-4AAF-B801-C098093275ED/TMD.app/www/index.html
2014-09-25 19:00:46.908 TMD[5426:42145] Resetting plugins due to page load.
2014-09-25 19:00:46.954 TMD[5426:42145] Finished load of: file:///Users/francoagustinrabaglia/Library/Developer/CoreSimulator/Devices/7C8910A2-F95A-4DF4-B471-C5AADC46295E/data/Containers/Bundle/Application/3B9D0C26-0FE3-4AAF-B801-C098093275ED/TMD.app/www/mas.html
2014-09-25 19:04:09.330 TMD[5426:42145] Resetting plugins due to page load.
2014-09-25 19:04:09.362 TMD[5426:42145] Finished load of: file:///Users/francoagustinrabaglia/Library/Developer/CoreSimulator/Devices/7C8910A2-F95A-4DF4-B471-C5AADC46295E/data/Containers/Bundle/Application/3B9D0C26-0FE3-4AAF-B801-C098093275ED/TMD.app/www/controlar_presion.html
2014-09-25 19:04:45.257 TMD[5609:44947] DiskCookieStorage changing policy from 2 to 0, cookie file: file:///Users/francoagustinrabaglia/Library/Developer/CoreSimulator/Devices/7C8910A2-F95A-4DF4-B471-C5AADC46295E/data/Containers/Data/Application/74CBFFFE-95B0-420B-B144-C9C89F5F74F2/Library/Cookies/Cookies.binarycookies
2014-09-25 19:04:45.447 TMD[5609:44947] Multi-tasking -> Device: YES, App: YES
2014-09-25 19:04:45.453 TMD[5609:44947] Unlimited access to network resources
2014-09-25 19:04:45.456 TMD[5609:44947] 

Started backup to iCloud! Please be careful.
Your application might rejected by Apple if you store too much data.
For more information please read "iOS Data Storage Guidelines"
You could find it at the following address https://developer.apple.com/icloud/documentation/data-storage/ .

2014-09-25 19:04:45.654 TMD[5609:44947] Resetting plugins due to page load.
2014-09-25 19:04:45.706 TMD[5609:44947] Finished load of: file:///Users/francoagustinrabaglia/Library/Developer/CoreSimulator/Devices/7C8910A2-F95A-4DF4-B471-C5AADC46295E/data/Containers/Bundle/Application/ED5CD348-F1E7-4D56-8B34-FF56FD71B644/TMD.app/www/index.html
2014-09-25 19:12:41.497 TMD[5609:44947] Resetting plugins due to page load.
2014-09-25 19:12:41.543 TMD[5609:44947] Finished load of: file:///Users/francoagustinrabaglia/Library/Developer/CoreSimulator/Devices/7C8910A2-F95A-4DF4-B471-C5AADC46295E/data/Containers/Bundle/Application/ED5CD348-F1E7-4D56-8B34-FF56FD71B644/TMD.app/www/mas.html
2014-09-25 19:12:52.506 TMD[5609:44947] Resetting plugins due to page load.
2014-09-25 19:12:52.554 TMD[5609:44947] Finished load of: file:///Users/francoagustinrabaglia/Library/Developer/CoreSimulator/Devices/7C8910A2-F95A-4DF4-B471-C5AADC46295E/data/Containers/Bundle/Application/ED5CD348-F1E7-4D56-8B34-FF56FD71B644/TMD.app/www/datos.html
2014-09-25 19:15:49.335 TMD[5787:48700] DiskCookieStorage changing policy from 2 to 0, cookie file: file:///Users/francoagustinrabaglia/Library/Developer/CoreSimulator/Devices/7C8910A2-F95A-4DF4-B471-C5AADC46295E/data/Containers/Data/Application/7495CD7E-6EA4-4F7C-B54A-EB2F35F3D454/Library/Cookies/Cookies.binarycookies
2014-09-25 19:15:49.540 TMD[5787:48700] Multi-tasking -> Device: YES, App: YES
2014-09-25 19:15:49.549 TMD[5787:48700] Unlimited access to network resources
2014-09-25 19:15:49.551 TMD[5787:48700] 

Started backup to iCloud! Please be careful.
Your application might rejected by Apple if you store too much data.
For more information please read "iOS Data Storage Guidelines"
You could find it at the following address https://developer.apple.com/icloud/documentation/data-storage/ .

2014-09-25 19:15:49.711 TMD[5787:48700] Resetting plugins due to page load.
2014-09-25 19:15:49.757 TMD[5787:48700] Finished load of: file:///Users/francoagustinrabaglia/Library/Developer/CoreSimulator/Devices/7C8910A2-F95A-4DF4-B471-C5AADC46295E/data/Containers/Bundle/Application/B2A8CB03-A072-4D58-BAAB-7AC3B9459CAE/TMD.app/www/index.html
2014-09-25 19:15:56.776 TMD[5787:48700] Resetting plugins due to page load.
2014-09-25 19:15:56.823 TMD[5787:48700] Finished load of: file:///Users/francoagustinrabaglia/Library/Developer/CoreSimulator/Devices/7C8910A2-F95A-4DF4-B471-C5AADC46295E/data/Containers/Bundle/Application/B2A8CB03-A072-4D58-BAAB-7AC3B9459CAE/TMD.app/www/mas.html
2014-09-25 19:17:17.751 TMD[5916:49597] DiskCookieStorage changing policy from 2 to 0, cookie file: file:///Users/francoagustinrabaglia/Library/Developer/CoreSimulator/Devices/7C8910A2-F95A-4DF4-B471-C5AADC46295E/data/Containers/Data/Application/9E91FDAF-4509-4A06-A38B-D1FCEAB1300F/Library/Cookies/Cookies.binarycookies
2014-09-25 19:17:17.932 TMD[5916:49597] Multi-tasking -> Device: YES, App: YES
2014-09-25 19:17:17.940 TMD[5916:49597] Unlimited access to network resources
2014-09-25 19:17:17.943 TMD[5916:49597] 

Started backup to iCloud! Please be careful.
Your application might rejected by Apple if you store too much data.
For more information please read "iOS Data Storage Guidelines"
You could find it at the following address https://developer.apple.com/icloud/documentation/data-storage/ .

2014-09-25 19:17:18.163 TMD[5916:49597] Resetting plugins due to page load.
2014-09-25 19:17:18.211 TMD[5916:49597] Finished load of: file:///Users/francoagustinrabaglia/Library/Developer/CoreSimulator/Devices/7C8910A2-F95A-4DF4-B471-C5AADC46295E/data/Containers/Bundle/Application/E7CD443F-2BAD-445D-8F9C-9AAE183EA53A/TMD.app/www/index.html
2014-09-25 19:17:38.608 TMD[5916:49597] Resetting plugins due to page load.
2014-09-25 19:17:38.669 TMD[5916:49597] Finished load of: file:///Users/francoagustinrabaglia/Library/Developer/CoreSimulator/Devices/7C8910A2-F95A-4DF4-B471-C5AADC46295E/data/Containers/Bundle/Application/E7CD443F-2BAD-445D-8F9C-9AAE183EA53A/TMD.app/www/mas.html
2014-09-25 19:19:36.069 TMD[6047:50733] DiskCookieStorage changing policy from 2 to 0, cookie file: file:///Users/francoagustinrabaglia/Library/Developer/CoreSimulator/Devices/7C8910A2-F95A-4DF4-B471-C5AADC46295E/data/Containers/Data/Application/7B8D80ED-3EB1-424E-8BD2-60D40159F2D3/Library/Cookies/Cookies.binarycookies
2014-09-25 19:19:36.271 TMD[6047:50733] Multi-tasking -> Device: YES, App: YES
2014-09-25 19:19:36.277 TMD[6047:50733] Unlimited access to network resources
2014-09-25 19:19:36.279 TMD[6047:50733] 

Started backup to iCloud! Please be careful.
Your application might rejected by Apple if you store too much data.
For more information please read "iOS Data Storage Guidelines"
You could find it at the following address https://developer.apple.com/icloud/documentation/data-storage/ .

2014-09-25 19:19:36.430 TMD[6047:50733] Resetting plugins due to page load.
2014-09-25 19:19:36.479 TMD[6047:50733] Finished load of: file:///Users/francoagustinrabaglia/Library/Developer/CoreSimulator/Devices/7C8910A2-F95A-4DF4-B471-C5AADC46295E/data/Containers/Bundle/Application/4D551C77-E73A-473A-BE81-416791969DF0/TMD.app/www/index.html
2014-09-25 19:19:41.457 TMD[6047:50733] Resetting plugins due to page load.
2014-09-25 19:19:41.512 TMD[6047:50733] Finished load of: file:///Users/francoagustinrabaglia/Library/Developer/CoreSimulator/Devices/7C8910A2-F95A-4DF4-B471-C5AADC46295E/data/Containers/Bundle/Application/4D551C77-E73A-473A-BE81-416791969DF0/TMD.app/www/mas.html
2014-09-25 19:25:24.623 TMD[6234:53688] DiskCookieStorage changing policy from 2 to 0, cookie file: file:///Users/francoagustinrabaglia/Library/Developer/CoreSimulator/Devices/7C8910A2-F95A-4DF4-B471-C5AADC46295E/data/Containers/Data/Application/589919A3-7060-4387-9D87-7AA94B28BD0F/Library/Cookies/Cookies.binarycookies
2014-09-25 19:25:24.882 TMD[6234:53688] Multi-tasking -> Device: YES, App: YES
2014-09-25 19:25:24.888 TMD[6234:53688] Unlimited access to network resources
2014-09-25 19:25:24.891 TMD[6234:53688] 

Started backup to iCloud! Please be careful.
Your application might rejected by Apple if you store too much data.
For more information please read "iOS Data Storage Guidelines"
You could find it at the following address https://developer.apple.com/icloud/documentation/data-storage/ .

2014-09-25 19:25:25.138 TMD[6234:53688] Resetting plugins due to page load.
2014-09-25 19:25:25.200 TMD[6234:53688] Finished load of: file:///Users/francoagustinrabaglia/Library/Developer/CoreSimulator/Devices/7C8910A2-F95A-4DF4-B471-C5AADC46295E/data/Containers/Bundle/Application/3DC42892-79C5-4C3E-90C5-AB88942FFF73/TMD.app/www/index.html
2014-09-25 19:25:44.175 TMD[6234:53688] Resetting plugins due to page load.
2014-09-25 19:25:44.995 TMD[6234:53688] Finished load of: file:///Users/francoagustinrabaglia/Library/Developer/CoreSimulator/Devices/7C8910A2-F95A-4DF4-B471-C5AADC46295E/data/Containers/Bundle/Application/3DC42892-79C5-4C3E-90C5-AB88942FFF73/TMD.app/www/mas.html
2014-09-25 19:25:49.860 TMD[6234:53688] THREAD WARNING: ['EmailComposer'] took '33.194092' ms. Plugin should use a background thread.
2014-09-25 19:25:49.874 TMD[6234:53688] THREAD WARNING: ['EmailComposer'] took '14.124756' ms. Plugin should use a background thread.
